Processing denky32 (platform: espressif32; board: denky32; framework: arduino)
--------------------------------------------------------------------------------
Verbose mode can be enabled via `-v, --verbose` option
CONFIGURATION: https://docs.platformio.org/page/boards/espressif32/denky32.html
PLATFORM: Espressif 32 (2025.3.30) > Denky32 (WROOM32)
HARDWARE: ESP32 240MHz, 320KB RAM, 4MB Flash
DEBUG: Current (cmsis-dap) External (cmsis-dap, esp-bridge, esp-prog, iot-bus-jtag, jlink, minimodule, olimex-arm-usb-ocd, olimex-arm-usb-ocd-h, olimex-arm-usb-tiny-h, olimex-jtag-tiny, tumpa)
PACKAGES: 
 - framework-arduinoespressif32 @ 3.1.3+sha.be550b63 
 - tool-esptoolpy @ 4.8.8 
 - tool-mklittlefs @ 3.2.0 
 - tool-openocd-esp32 @ 2.1100.20220706 (11.0) 
 - tool-riscv32-esp-elf-gdb @ 14.2.0+20240403 
 - tool-xtensa-esp-elf-gdb @ 14.2.0+20240403 
 - toolchain-xtensa-esp-elf @ 13.2.0+20240530
LDF: Library Dependency Finder -> https://bit.ly/configure-pio-ldf
LDF Modes: Finder ~ chain, Compatibility ~ soft
Found 38 compatible libraries
Scanning dependencies...
Dependency Graph
|-- Adafruit SSD1306 @ 2.5.13
|-- MH-Z19 @ 1.5.4
|-- EspSoftwareSerial @ 8.2.0
|-- PMSerial @ 1.2.0
|-- DHT20 @ 0.3.1
|-- ArduinoJson @ 6.21.5
|-- PubSubClient @ 2.8.0
|-- AsyncTCP @ 3.3.2+sha.ef448a8
|-- ESPAsyncWebServer @ 3.6.0+sha.ad3741d
|-- WiFi @ 3.1.3
|-- ArduinoOTA @ 3.1.3
|-- Update @ 3.1.3
|-- Preferences @ 3.1.3
|-- SPI @ 3.1.3
Building in release mode
Compiling .pio\build\denky32\src\main.cpp.o
Building .pio\build\denky32\bootloader.bin
Generating partitions .pio\build\denky32\partitions.bin
Compiling .pio\build\denky32\lib9f0\Wire\Wire.cpp.o
Compiling .pio\build\denky32\libbfb\SPI\SPI.cpp.o
Compiling .pio\build\denky32\lib741\Adafruit BusIO\Adafruit_BusIO_Register.cpp.o
Compiling .pio\build\denky32\lib741\Adafruit BusIO\Adafruit_I2CDevice.cpp.o
Compiling .pio\build\denky32\lib741\Adafruit BusIO\Adafruit_SPIDevice.cpp.o
Compiling .pio\build\denky32\lib021\Adafruit GFX Library\Adafruit_GFX.cpp.o
Compiling .pio\build\denky32\lib021\Adafruit GFX Library\Adafruit_GrayOLED.cpp.o
Compiling .pio\build\denky32\lib021\Adafruit GFX Library\Adafruit_SPITFT.cpp.o
Compiling .pio\build\denky32\lib021\Adafruit GFX Library\glcdfont.c.o
Compiling .pio\build\denky32\libe92\Adafruit SSD1306\Adafruit_SSD1306.cpp.o
Compiling .pio\build\denky32\lib63b\MH-Z19\MHZ19.cpp.o
Compiling .pio\build\denky32\lib862\ghostl\ghostl\FastScheduler.cpp.o
Compiling .pio\build\denky32\lib80a\EspSoftwareSerial\SoftwareSerial.cpp.o
Compiling .pio\build\denky32\lib50b\PMSerial\PMserial.cpp.o
Compiling .pio\build\denky32\liba77\DHT20\DHT20.cpp.o
esptool.py v4.8.8
Creating esp32 image...
Merged 2 ELF sections
Successfully created esp32 image.
Compiling .pio\build\denky32\libc00\PubSubClient\PubSubClient.cpp.o
Compiling .pio\build\denky32\libd28\Network\NetworkClient.cpp.o
Compiling .pio\build\denky32\libd28\Network\NetworkEvents.cpp.o
Compiling .pio\build\denky32\libd28\Network\NetworkInterface.cpp.o
Compiling .pio\build\denky32\libd28\Network\NetworkManager.cpp.o
Archiving .pio\build\denky32\lib9f0\libWire.a
Archiving .pio\build\denky32\libbfb\libSPI.a
Compiling .pio\build\denky32\libd28\Network\NetworkServer.cpp.o
Compiling .pio\build\denky32\libd28\Network\NetworkUdp.cpp.o
Archiving .pio\build\denky32\lib741\libAdafruit BusIO.a
Compiling .pio\build\denky32\lib75e\AsyncTCP@src-7fb2940bccb78b8d2de6915ae328b7fc\AsyncTCP.cpp.o
Compiling .pio\build\denky32\liba4e\FS\FS.cpp.o
Archiving .pio\build\denky32\lib63b\libMH-Z19.a
Compiling .pio\build\denky32\liba4e\FS\vfs_api.cpp.o
Archiving .pio\build\denky32\lib50b\libPMSerial.a
Compiling .pio\build\denky32\lib73c\WebServer\Parsing.cpp.o
Archiving .pio\build\denky32\libe92\libAdafruit SSD1306.a
Compiling .pio\build\denky32\lib73c\WebServer\WebServer.cpp.o
Archiving .pio\build\denky32\liba77\libDHT20.a
Archiving .pio\build\denky32\lib021\libAdafruit GFX Library.a
Archiving .pio\build\denky32\libc00\libPubSubClient.a
Compiling .pio\build\denky32\lib73c\WebServer\detail\mimetable.cpp.o
Compiling .pio\build\denky32\lib73c\WebServer\middleware\AuthenticationMiddleware.cpp.o
Compiling .pio\build\denky32\lib73c\WebServer\middleware\CorsMiddleware.cpp.o
Compiling .pio\build\denky32\lib73c\WebServer\middleware\LoggingMiddleware.cpp.o
Compiling .pio\build\denky32\lib73c\WebServer\middleware\MiddlewareChain.cpp.o
Compiling .pio\build\denky32\lib296\WiFi\AP.cpp.o
Compiling .pio\build\denky32\lib296\WiFi\STA.cpp.o
Compiling .pio\build\denky32\lib296\WiFi\WiFi.cpp.o
Compiling .pio\build\denky32\lib296\WiFi\WiFiAP.cpp.o
Compiling .pio\build\denky32\lib296\WiFi\WiFiGeneric.cpp.o
Archiving .pio\build\denky32\lib862\libghostl.a
Compiling .pio\build\denky32\lib296\WiFi\WiFiMulti.cpp.o
Compiling .pio\build\denky32\lib296\WiFi\WiFiSTA.cpp.o
Archiving .pio\build\denky32\lib80a\libEspSoftwareSerial.a
Compiling .pio\build\denky32\lib296\WiFi\WiFiScan.cpp.o
Compiling .pio\build\denky32\liba73\ESPAsyncWebServer\AsyncEventSource.cpp.o
Compiling .pio\build\denky32\liba73\ESPAsyncWebServer\AsyncJson.cpp.o
Compiling .pio\build\denky32\liba73\ESPAsyncWebServer\AsyncMessagePack.cpp.o
Archiving .pio\build\denky32\lib75e\libAsyncTCP@src-7fb2940bccb78b8d2de6915ae328b7fc.a
Compiling .pio\build\denky32\liba73\ESPAsyncWebServer\AsyncWebHeader.cpp.o
Archiving .pio\build\denky32\libd28\libNetwork.a
Compiling .pio\build\denky32\liba73\ESPAsyncWebServer\AsyncWebSocket.cpp.o
Compiling .pio\build\denky32\liba73\ESPAsyncWebServer\BackPort_SHA1Builder.cpp.o
Archiving .pio\build\denky32\liba4e\libFS.a
Compiling .pio\build\denky32\liba73\ESPAsyncWebServer\ChunkPrint.cpp.o
Compiling .pio\build\denky32\liba73\ESPAsyncWebServer\Middleware.cpp.o
Compiling .pio\build\denky32\liba73\ESPAsyncWebServer\WebAuthentication.cpp.o
Compiling .pio\build\denky32\liba73\ESPAsyncWebServer\WebHandlers.cpp.o
Compiling .pio\build\denky32\liba73\ESPAsyncWebServer\WebRequest.cpp.o
Compiling .pio\build\denky32\liba73\ESPAsyncWebServer\WebResponses.cpp.o
Compiling .pio\build\denky32\liba73\ESPAsyncWebServer\WebServer.cpp.o
Compiling .pio\build\denky32\libb6e\Update\HttpsOTAUpdate.cpp.o
Archiving .pio\build\denky32\lib73c\libWebServer.a
Compiling .pio\build\denky32\libb6e\Update\Updater.cpp.o
Compiling .pio\build\denky32\libfb2\ESPmDNS\ESPmDNS.cpp.o
Compiling .pio\build\denky32\libfa5\ArduinoOTA\ArduinoOTA.cpp.o
Compiling .pio\build\denky32\lib657\Preferences\Preferences.cpp.o
Compiling .pio\build\denky32\FrameworkArduino\ColorFormat.c.o
Archiving .pio\build\denky32\lib296\libWiFi.a
Compiling .pio\build\denky32\FrameworkArduino\Esp.cpp.o
Compiling .pio\build\denky32\FrameworkArduino\FirmwareMSC.cpp.o
Compiling .pio\build\denky32\FrameworkArduino\FunctionalInterrupt.cpp.o
Compiling .pio\build\denky32\FrameworkArduino\HEXBuilder.cpp.o
Compiling .pio\build\denky32\FrameworkArduino\HWCDC.cpp.o
Compiling .pio\build\denky32\FrameworkArduino\HardwareSerial.cpp.o
Compiling .pio\build\denky32\FrameworkArduino\IPAddress.cpp.o
Compiling .pio\build\denky32\FrameworkArduino\MD5Builder.cpp.o
Compiling .pio\build\denky32\FrameworkArduino\MacAddress.cpp.o
Compiling .pio\build\denky32\FrameworkArduino\Print.cpp.o
Compiling .pio\build\denky32\FrameworkArduino\SHA1Builder.cpp.o
Compiling .pio\build\denky32\FrameworkArduino\Stream.cpp.o
Compiling .pio\build\denky32\FrameworkArduino\StreamString.cpp.o
Compiling .pio\build\denky32\FrameworkArduino\Tone.cpp.o
Compiling .pio\build\denky32\FrameworkArduino\USB.cpp.o
Compiling .pio\build\denky32\FrameworkArduino\USBCDC.cpp.o
Archiving .pio\build\denky32\libb6e\libUpdate.a
Compiling .pio\build\denky32\FrameworkArduino\USBMSC.cpp.o
Archiving .pio\build\denky32\libfb2\libESPmDNS.a
Archiving .pio\build\denky32\lib657\libPreferences.a
Compiling .pio\build\denky32\FrameworkArduino\WMath.cpp.o
Compiling .pio\build\denky32\FrameworkArduino\WString.cpp.o
Compiling .pio\build\denky32\FrameworkArduino\base64.cpp.o
Compiling .pio\build\denky32\FrameworkArduino\cbuf.cpp.o
Compiling .pio\build\denky32\FrameworkArduino\esp32-hal-adc.c.o
Compiling .pio\build\denky32\FrameworkArduino\esp32-hal-bt.c.o
Compiling .pio\build\denky32\FrameworkArduino\esp32-hal-cpu.c.o
Compiling .pio\build\denky32\FrameworkArduino\esp32-hal-dac.c.o
Compiling .pio\build\denky32\FrameworkArduino\esp32-hal-gpio.c.o
Compiling .pio\build\denky32\FrameworkArduino\esp32-hal-i2c-slave.c.o
Compiling .pio\build\denky32\FrameworkArduino\esp32-hal-i2c.c.o
Compiling .pio\build\denky32\FrameworkArduino\esp32-hal-ledc.c.o
Compiling .pio\build\denky32\FrameworkArduino\esp32-hal-matrix.c.o
Compiling .pio\build\denky32\FrameworkArduino\esp32-hal-misc.c.o
Archiving .pio\build\denky32\libfa5\libArduinoOTA.a
Compiling .pio\build\denky32\FrameworkArduino\esp32-hal-periman.c.o
Compiling .pio\build\denky32\FrameworkArduino\esp32-hal-psram.c.o
Compiling .pio\build\denky32\FrameworkArduino\esp32-hal-rgb-led.c.o
Compiling .pio\build\denky32\FrameworkArduino\esp32-hal-rmt.c.o
Compiling .pio\build\denky32\FrameworkArduino\esp32-hal-sigmadelta.c.o
Compiling .pio\build\denky32\FrameworkArduino\esp32-hal-spi.c.o
Compiling .pio\build\denky32\FrameworkArduino\esp32-hal-time.c.o
Compiling .pio\build\denky32\FrameworkArduino\esp32-hal-timer.c.o
Compiling .pio\build\denky32\FrameworkArduino\esp32-hal-tinyusb.c.o
Compiling .pio\build\denky32\FrameworkArduino\esp32-hal-touch-ng.c.o
Compiling .pio\build\denky32\FrameworkArduino\esp32-hal-touch.c.o
Compiling .pio\build\denky32\FrameworkArduino\esp32-hal-uart.c.o
Compiling .pio\build\denky32\FrameworkArduino\firmware_msc_fat.c.o
Archiving .pio\build\denky32\liba73\libESPAsyncWebServer.a
Compiling .pio\build\denky32\FrameworkArduino\freertos_stats.cpp.o
Compiling .pio\build\denky32\FrameworkArduino\libb64\cdecode.c.o
Compiling .pio\build\denky32\FrameworkArduino\libb64\cencode.c.o
Compiling .pio\build\denky32\FrameworkArduino\main.cpp.o
Compiling .pio\build\denky32\FrameworkArduino\stdlib_noniso.c.o
Compiling .pio\build\denky32\FrameworkArduino\wiring_pulse.c.o
Compiling .pio\build\denky32\FrameworkArduino\wiring_shift.c.o
Archiving .pio\build\denky32\libFrameworkArduino.a
Linking .pio\build\denky32\firmware.elf
lto-wrapper.exe: warning: using serial compilation of 4 LTRANS jobs
lto-wrapper.exe: note: see the '-flto' option documentation for more information
Retrieving maximum program size .pio\build\denky32\firmware.elf
Checking size .pio\build\denky32\firmware.elf
Advanced Memory Usage is available via "PlatformIO Home > Project Inspect"
RAM:   [==        ]  16.2% (used 52988 bytes from 327680 bytes)
Flash: [=====     ]  53.6% (used 1054676 bytes from 1966080 bytes)
Building .pio\build\denky32\firmware.bin
esptool.py v4.8.8
Creating esp32 image...
Merged 2 ELF sections
Successfully created esp32 image.
========================= [SUCCESS] Took 31.75 seconds =========================
